[INFO] Scanning for projects...
[INFO] Inspecting build with total of 1 modules...
[INFO] Installing Nexus Staging features:
[INFO]   ... total of 1 executions of maven-deploy-plugin replaced with nexus-staging-maven-plugin
[INFO]                                                                         
[INFO] ------------------------------------------------------------------------
[INFO] Building Esfinge Metadata 1.0.2
[INFO] ------------------------------------------------------------------------
[INFO] 
[INFO] --- maven-clean-plugin:2.5:clean (default-clean) @ metadata ---
[INFO] Deleting C:\Users\marcoN\git\metadata\target
[INFO] 
[INFO] --- maven-resources-plugin:2.6:resources (default-resources) @ metadata ---
[INFO] Using 'UTF-8' encoding to copy filtered resources.
[INFO] skip non existing resourceDirectory C:\Users\marcoN\git\metadata\src\main\resources
[INFO] 
[INFO] --- maven-compiler-plugin:3.5.1:compile (default-compile) @ metadata ---
[INFO] Changes detected - recompiling the module!
[INFO] Compiling 129 source files to C:\Users\marcoN\git\metadata\target\classes
[INFO] /C:/Users/marcoN/git/metadata/src/main/java/net/sf/esfinge/metadata/AnnotationReader.java: C:\Users\marcoN\git\metadata\src\main\java\net\sf\esfinge\metadata\AnnotationReader.java uses unchecked or unsafe operations.
[INFO] /C:/Users/marcoN/git/metadata/src/main/java/net/sf/esfinge/metadata/AnnotationReader.java: Recompile with -Xlint:unchecked for details.
[INFO] 
[INFO] --- maven-resources-plugin:2.6:testResources (default-testResources) @ metadata ---
[INFO] Using 'UTF-8' encoding to copy filtered resources.
[INFO] skip non existing resourceDirectory C:\Users\marcoN\git\metadata\src\test\resources
[INFO] 
[INFO] --- maven-compiler-plugin:3.5.1:testCompile (default-testCompile) @ metadata ---
[INFO] Changes detected - recompiling the module!
[INFO] Compiling 164 source files to C:\Users\marcoN\git\metadata\target\test-classes
[INFO] 
[INFO] --- maven-surefire-plugin:2.12.4:test (default-test) @ metadata ---
[INFO] Surefire report directory: C:\Users\marcoN\git\metadata\target\surefire-reports

-------------------------------------------------------
 T E S T S
-------------------------------------------------------
Running net.sf.esfinge.metadata.locate.annotationLocator.TestAnnotationLocator
Tests run: 10, Failures: 0, Errors: 0, Skipped: 0, Time elapsed: 0.19 sec
Running net.sf.esfinge.metadata.locate.levelLocator.TestLevelLocator
Tests run: 11, Failures: 0, Errors: 0, Skipped: 0, Time elapsed: 0.029 sec
Running net.sf.esfinge.metadata.locate.regularLocator.TestRegularLocator
Tests run: 8, Failures: 0, Errors: 0, Skipped: 0, Time elapsed: 0.015 sec
Running net.sf.esfinge.metadata.TestAnnotationReader.TestAnnotationReader
Tests run: 15, Failures: 0, Errors: 0, Skipped: 0, Time elapsed: 0.527 sec
Running net.sf.esfinge.metadata.validate.field.test.TestFieldOnly
Tests run: 9, Failures: 0, Errors: 0, Skipped: 0, Time elapsed: 0.074 sec
Running net.sf.esfinge.metadata.validate.maxValue.TestValidateMaxValue
Tests run: 1, Failures: 0, Errors: 0, Skipped: 0, Time elapsed: 0.018 sec
Running net.sf.esfinge.metadata.validate.method.test.TestFieldOnly
Tests run: 14, Failures: 0, Errors: 0, Skipped: 0, Time elapsed: 0.126 sec
Running net.sf.esfinge.metadata.validate.minValue.TestValidateMinValue
Tests run: 1, Failures: 0, Errors: 0, Skipped: 0, Time elapsed: 0 sec
Running net.sf.esfinge.metadata.validate.needsToHave.TestValidateNeedsToHave
Tests run: 28, Failures: 0, Errors: 0, Skipped: 0, Time elapsed: 0.119 sec
Running net.sf.esfinge.metadata.validate.notNull.TestValidateNotNull
Tests run: 1, Failures: 0, Errors: 0, Skipped: 0, Time elapsed: 0.008 sec
Running net.sf.esfinge.metadata.validate.optimizeExecution.TestValidateOptimizeExecution
Tests run: 28, Failures: 0, Errors: 0, Skipped: 0, Time elapsed: 0.126 sec
Running net.sf.esfinge.metadata.validate.prohibits.TestValidateProhibits
Tests run: 3, Failures: 0, Errors: 0, Skipped: 0, Time elapsed: 0.025 sec
Running net.sf.esfinge.metadata.validate.purchase.TestValidatePurchase
Tests run: 4, Failures: 0, Errors: 0, Skipped: 0, Time elapsed: 0.017 sec
Running net.sf.esfinge.metadata.validate.transaction.TestValidateTransaction
Tests run: 2, Failures: 0, Errors: 0, Skipped: 0, Time elapsed: 0.001 sec
Running net.sf.esfinge.metadata.validate.unique.TestValidateUnique
Tests run: 1, Failures: 0, Errors: 0, Skipped: 0, Time elapsed: 0.007 sec

Results :

Tests run: 136, Failures: 0, Errors: 0, Skipped: 0

[INFO] 
[INFO] --- maven-jar-plugin:2.4:jar (default-jar) @ metadata ---
[INFO] Building jar: C:\Users\marcoN\git\metadata\target\metadata-1.0.2.jar
[INFO] 
[INFO] --- maven-source-plugin:2.2.1:jar-no-fork (attach-sources) @ metadata ---
[INFO] Building jar: C:\Users\marcoN\git\metadata\target\metadata-1.0.2-sources.jar
[INFO] 
[INFO] --- maven-javadoc-plugin:2.9.1:jar (attach-javadocs) @ metadata ---
[INFO] 
Loading source files for package net.sf.esfinge.metadata.annotation.container...
Loading source files for package net.sf.esfinge.metadata.annotation.container.field...
Loading source files for package net.sf.esfinge.metadata.annotation.container.method...
Loading source files for package net.sf.esfinge.metadata.annotation.validator.field...
Loading source files for package net.sf.esfinge.metadata.annotation.validator...
Loading source files for package net.sf.esfinge.metadata.annotation.validator.method...
Loading source files for package net.sf.esfinge.metadata...
Loading source files for package net.sf.esfinge.metadata.container...
Loading source files for package net.sf.esfinge.metadata.container.reading...
Loading source files for package net.sf.esfinge.metadata.factory...
Loading source files for package net.sf.esfinge.metadata.locate...
Loading source files for package net.sf.esfinge.metadata.validate...
Loading source files for package net.sf.esfinge.metadata.validate.field...
Loading source files for package net.sf.esfinge.metadata.validate.method...
Constructing Javadoc information...
Standard Doclet version 1.8.0_91
Building tree for all the packages and classes...
Generating C:\Users\marcoN\git\metadata\target\apidocs\net\sf\esfinge\metadata\annotation\container\AllFieldsWith.html...
Generating C:\Users\marcoN\git\metadata\target\apidocs\net\sf\esfinge\metadata\annotation\container\AllMethodsWith.html...
Generating C:\Users\marcoN\git\metadata\target\apidocs\net\sf\esfinge\metadata\annotation\container\AnnotationProperty.html...
Generating C:\Users\marcoN\git\metadata\target\apidocs\net\sf\esfinge\metadata\annotation\container\AnnotationReadingConfig.html...
Generating C:\Users\marcoN\git\metadata\target\apidocs\net\sf\esfinge\metadata\annotation\container\ContainerFor.html...
Generating C:\Users\marcoN\git\metadata\target\apidocs\net\sf\esfinge\metadata\annotation\container\ContainsAnnotation.html...
Generating C:\Users\marcoN\git\metadata\target\apidocs\net\sf\esfinge\metadata\annotation\container\ElementName.html...
Generating C:\Users\marcoN\git\metadata\target\apidocs\net\sf\esfinge\metadata\annotation\container\ProcessFields.html...
Generating C:\Users\marcoN\git\metadata\target\apidocs\net\sf\esfinge\metadata\annotation\container\ProcessMethods.html...
Generating C:\Users\marcoN\git\metadata\target\apidocs\net\sf\esfinge\metadata\annotation\container\ReflectionReference.html...
Generating C:\Users\marcoN\git\metadata\target\apidocs\net\sf\esfinge\metadata\annotation\container\field\OneAnnotationWithFieldVisibilityForbidden.html...
Generating C:\Users\marcoN\git\metadata\target\apidocs\net\sf\esfinge\metadata\annotation\container\field\OneAnnotationWithFieldVisibilityRequired.html...
Generating C:\Users\marcoN\git\metadata\target\apidocs\net\sf\esfinge\metadata\annotation\container\field\OneAnnotationWithFinalFieldOnly.html...
Generating C:\Users\marcoN\git\metadata\target\apidocs\net\sf\esfinge\metadata\annotation\container\field\OneAnnotationWithInstanceFieldOnly.html...
Generating C:\Users\marcoN\git\metadata\target\apidocs\net\sf\esfinge\metadata\annotation\container\field\OneAnnotationWithStaticFieldOnly.html...
Generating C:\Users\marcoN\git\metadata\target\apidocs\net\sf\esfinge\metadata\annotation\container\field\OneAnnotationWithTransientFieldOnly.html...
Generating C:\Users\marcoN\git\metadata\target\apidocs\net\sf\esfinge\metadata\annotation\container\field\OneAnnotationWithValidFieldTypes.html...
Generating C:\Users\marcoN\git\metadata\target\apidocs\net\sf\esfinge\metadata\annotation\container\field\OneAnnotationWithVolatileFieldOnly.html...
Generating C:\Users\marcoN\git\metadata\target\apidocs\net\sf\esfinge\metadata\annotation\container\method\OneAnnotationWithFinalMethodOnly.html...
Generating C:\Users\marcoN\git\metadata\target\apidocs\net\sf\esfinge\metadata\annotation\container\method\OneAnnotationWithForbiddenMethodReturn.html...
Generating C:\Users\marcoN\git\metadata\target\apidocs\net\sf\esfinge\metadata\annotation\container\method\OneAnnotationWithInstanceMethodOnly.html...
Generating C:\Users\marcoN\git\metadata\target\apidocs\net\sf\esfinge\metadata\annotation\container\method\OneAnnotationWithMethodNamingConvention.html...
Generating C:\Users\marcoN\git\metadata\target\apidocs\net\sf\esfinge\metadata\annotation\container\method\OneAnnotationWithMethodVisibilityForbidden.html...
Generating C:\Users\marcoN\git\metadata\target\apidocs\net\sf\esfinge\metadata\annotation\container\method\OneAnnotationWithMethodVisibilityRequired.html...
Generating C:\Users\marcoN\git\metadata\target\apidocs\net\sf\esfinge\metadata\annotation\container\method\OneAnnotationWithNoParametersMethodOnly.html...
Generating C:\Users\marcoN\git\metadata\target\apidocs\net\sf\esfinge\metadata\annotation\container\method\OneAnnotationWithStaticMethodOnly.html...
Generating C:\Users\marcoN\git\metadata\target\apidocs\net\sf\esfinge\metadata\annotation\container\method\OneAnnotationWithStrictfpMethodOnly.html...
Generating C:\Users\marcoN\git\metadata\target\apidocs\net\sf\esfinge\metadata\annotation\container\method\OneAnnotationWithSynchronizedMethodOnly.html...
Generating C:\Users\marcoN\git\metadata\target\apidocs\net\sf\esfinge\metadata\annotation\container\method\OneAnnotationWithValidMethodParameterTypes.html...
Generating C:\Users\marcoN\git\metadata\target\apidocs\net\sf\esfinge\metadata\annotation\container\method\OneAnnotationWithValidMethodReturn.html...
Generating C:\Users\marcoN\git\metadata\target\apidocs\net\sf\esfinge\metadata\annotation\container\method\OneAnnotationWithValidNumberOfParameters.html...
Generating C:\Users\marcoN\git\metadata\target\apidocs\net\sf\esfinge\metadata\annotation\validator\field\FieldVisibilityForbidden.html...
Generating C:\Users\marcoN\git\metadata\target\apidocs\net\sf\esfinge\metadata\annotation\validator\field\FieldVisibilityRequired.html...
Generating C:\Users\marcoN\git\metadata\target\apidocs\net\sf\esfinge\metadata\annotation\validator\field\FinalFieldOnly.html...
Generating C:\Users\marcoN\git\metadata\target\apidocs\net\sf\esfinge\metadata\annotation\validator\field\InstanceFieldOnly.html...
Generating C:\Users\marcoN\git\metadata\target\apidocs\net\sf\esfinge\metadata\annotation\validator\field\StaticFieldOnly.html...
Generating C:\Users\marcoN\git\metadata\target\apidocs\net\sf\esfinge\metadata\annotation\validator\field\TransientFieldOnly.html...
Generating C:\Users\marcoN\git\metadata\target\apidocs\net\sf\esfinge\metadata\annotation\validator\field\ValidFieldTypes.html...
Generating C:\Users\marcoN\git\metadata\target\apidocs\net\sf\esfinge\metadata\annotation\validator\field\VolatileFieldOnly.html...
Generating C:\Users\marcoN\git\metadata\target\apidocs\net\sf\esfinge\metadata\annotation\validator\MaxValue.html...
Generating C:\Users\marcoN\git\metadata\target\apidocs\net\sf\esfinge\metadata\annotation\validator\MinValue.html...
Generating C:\Users\marcoN\git\metadata\target\apidocs\net\sf\esfinge\metadata\annotation\validator\NeedsToHave.html...
Generating C:\Users\marcoN\git\metadata\target\apidocs\net\sf\esfinge\metadata\annotation\validator\NotNull.html...
Generating C:\Users\marcoN\git\metadata\target\apidocs\net\sf\esfinge\metadata\annotation\validator\Prohibits.html...
Generating C:\Users\marcoN\git\metadata\target\apidocs\net\sf\esfinge\metadata\annotation\validator\RefersTo.html...
Generating C:\Users\marcoN\git\metadata\target\apidocs\net\sf\esfinge\metadata\annotation\validator\SearchAnnotationUntilLevel.html...
Generating C:\Users\marcoN\git\metadata\target\apidocs\net\sf\esfinge\metadata\annotation\validator\SearchInsideAnnotations.html...
Generating C:\Users\marcoN\git\metadata\target\apidocs\net\sf\esfinge\metadata\annotation\validator\SearchOnEnclosingElements.html...
Generating C:\Users\marcoN\git\metadata\target\apidocs\net\sf\esfinge\metadata\annotation\validator\SiteValido.html...
Generating C:\Users\marcoN\git\metadata\target\apidocs\net\sf\esfinge\metadata\annotation\validator\ToValidate.html...
Generating C:\Users\marcoN\git\metadata\target\apidocs\net\sf\esfinge\metadata\annotation\validator\ToValidateProperty.html...
Generating C:\Users\marcoN\git\metadata\target\apidocs\net\sf\esfinge\metadata\annotation\validator\Unique.html...
Generating C:\Users\marcoN\git\metadata\target\apidocs\net\sf\esfinge\metadata\annotation\validator\ValidFieldType.html...
Generating C:\Users\marcoN\git\metadata\target\apidocs\net\sf\esfinge\metadata\annotation\validator\method\FinalMethodOnly.html...
Generating C:\Users\marcoN\git\metadata\target\apidocs\net\sf\esfinge\metadata\annotation\validator\method\ForbiddenMethodReturn.html...
Generating C:\Users\marcoN\git\metadata\target\apidocs\net\sf\esfinge\metadata\annotation\validator\method\InstanceMethodOnly.html...
Generating C:\Users\marcoN\git\metadata\target\apidocs\net\sf\esfinge\metadata\annotation\validator\method\MethodNamingConvention.html...
Generating C:\Users\marcoN\git\metadata\target\apidocs\net\sf\esfinge\metadata\annotation\validator\method\MethodVisibilityForbidden.html...
Generating C:\Users\marcoN\git\metadata\target\apidocs\net\sf\esfinge\metadata\annotation\validator\method\MethodVisibilityRequired.html...
Generating C:\Users\marcoN\git\metadata\target\apidocs\net\sf\esfinge\metadata\annotation\validator\method\NoParametersMethodOnly.html...
Generating C:\Users\marcoN\git\metadata\target\apidocs\net\sf\esfinge\metadata\annotation\validator\method\Parameters.html...
Generating C:\Users\marcoN\git\metadata\target\apidocs\net\sf\esfinge\metadata\annotation\validator\method\StaticMethodOnly.html...
Generating C:\Users\marcoN\git\metadata\target\apidocs\net\sf\esfinge\metadata\annotation\validator\method\StrictfpMethodOnly.html...
Generating C:\Users\marcoN\git\metadata\target\apidocs\net\sf\esfinge\metadata\annotation\validator\method\SynchronizedMethodOnly.html...
Generating C:\Users\marcoN\git\metadata\target\apidocs\net\sf\esfinge\metadata\annotation\validator\method\ValidMethodParameterTypes.html...
Generating C:\Users\marcoN\git\metadata\target\apidocs\net\sf\esfinge\metadata\annotation\validator\method\ValidMethodReturn.html...
Generating C:\Users\marcoN\git\metadata\target\apidocs\net\sf\esfinge\metadata\annotation\validator\method\ValidNumberOfParameters.html...
Generating C:\Users\marcoN\git\metadata\target\apidocs\net\sf\esfinge\metadata\AnnotationFinder.html...
Generating C:\Users\marcoN\git\metadata\target\apidocs\net\sf\esfinge\metadata\AnnotationPropertyValidator.html...
Generating C:\Users\marcoN\git\metadata\target\apidocs\net\sf\esfinge\metadata\AnnotationReader.html...
Generating C:\Users\marcoN\git\metadata\target\apidocs\net\sf\esfinge\metadata\AnnotationReadingException.html...
Generating C:\Users\marcoN\git\metadata\target\apidocs\net\sf\esfinge\metadata\AnnotationValidationException.html...
Generating C:\Users\marcoN\git\metadata\target\apidocs\net\sf\esfinge\metadata\AnnotationValidator.html...
Generating C:\Users\marcoN\git\metadata\target\apidocs\net\sf\esfinge\metadata\container\AnnotationReadingProcessor.html...
Generating C:\Users\marcoN\git\metadata\target\apidocs\net\sf\esfinge\metadata\container\ContainerTarget.html...
Generating C:\Users\marcoN\git\metadata\target\apidocs\net\sf\esfinge\metadata\container\MetadataExecute.html...
Generating C:\Users\marcoN\git\metadata\target\apidocs\net\sf\esfinge\metadata\container\MetadataRepository.html...
Generating C:\Users\marcoN\git\metadata\target\apidocs\net\sf\esfinge\metadata\container\Properties.html...
Generating C:\Users\marcoN\git\metadata\target\apidocs\net\sf\esfinge\metadata\container\reading\AllFieldsWithReadingProcessor.html...
Generating C:\Users\marcoN\git\metadata\target\apidocs\net\sf\esfinge\metadata\container\reading\AllMethodsWithReadingProcessor.html...
Generating C:\Users\marcoN\git\metadata\target\apidocs\net\sf\esfinge\metadata\container\reading\AnnotationPropertyReadingProcessor.html...
Generating C:\Users\marcoN\git\metadata\target\apidocs\net\sf\esfinge\metadata\container\reading\ContainsAnnotationReadingProcessor.html...
Generating C:\Users\marcoN\git\metadata\target\apidocs\net\sf\esfinge\metadata\container\reading\ElementNameReadingProcessor.html...
Generating C:\Users\marcoN\git\metadata\target\apidocs\net\sf\esfinge\metadata\container\reading\ProcessFieldsReadingProcessor.html...
Generating C:\Users\marcoN\git\metadata\target\apidocs\net\sf\esfinge\metadata\container\reading\ProcessMethodsReadingProcessor.html...
Generating C:\Users\marcoN\git\metadata\target\apidocs\net\sf\esfinge\metadata\container\reading\ReflectionReferenceReadingProcessor.html...
Generating C:\Users\marcoN\git\metadata\target\apidocs\net\sf\esfinge\metadata\factory\LocatorsFactory.html...
Generating C:\Users\marcoN\git\metadata\target\apidocs\net\sf\esfinge\metadata\locate\AnnotationLocator.html...
Generating C:\Users\marcoN\git\metadata\target\apidocs\net\sf\esfinge\metadata\locate\ConventionLocator.html...
Generating C:\Users\marcoN\git\metadata\target\apidocs\net\sf\esfinge\metadata\locate\LevelLocator.html...
Generating C:\Users\marcoN\git\metadata\target\apidocs\net\sf\esfinge\metadata\locate\MetadataLocationException.html...
Generating C:\Users\marcoN\git\metadata\target\apidocs\net\sf\esfinge\metadata\locate\MetadataLocator.html...
Generating C:\Users\marcoN\git\metadata\target\apidocs\net\sf\esfinge\metadata\locate\RegularLocator.html...
Generating C:\Users\marcoN\git\metadata\target\apidocs\net\sf\esfinge\metadata\locate\VectorLocator.html...
Generating C:\Users\marcoN\git\metadata\target\apidocs\net\sf\esfinge\metadata\validate\AnnotationValidationException.html...
Generating C:\Users\marcoN\git\metadata\target\apidocs\net\sf\esfinge\metadata\validate\MaxValueAnnotationValidator.html...
Generating C:\Users\marcoN\git\metadata\target\apidocs\net\sf\esfinge\metadata\validate\MetadataValidator.html...
Generating C:\Users\marcoN\git\metadata\target\apidocs\net\sf\esfinge\metadata\validate\MinValueAnnotationValidator.html...
Generating C:\Users\marcoN\git\metadata\target\apidocs\net\sf\esfinge\metadata\validate\NeedsToHave.html...
Generating C:\Users\marcoN\git\metadata\target\apidocs\net\sf\esfinge\metadata\validate\NeedToHaveAnnotationValidator.html...
Generating C:\Users\marcoN\git\metadata\target\apidocs\net\sf\esfinge\metadata\validate\NotNullAnnotationValidator.html...
Generating C:\Users\marcoN\git\metadata\target\apidocs\net\sf\esfinge\metadata\validate\ProhibitsAnnotationValidator.html...
Generating C:\Users\marcoN\git\metadata\target\apidocs\net\sf\esfinge\metadata\validate\RefersToAnnotationValidator.html...
Generating C:\Users\marcoN\git\metadata\target\apidocs\net\sf\esfinge\metadata\validate\SiteValidoAnnotationValidator.html...
Generating C:\Users\marcoN\git\metadata\target\apidocs\net\sf\esfinge\metadata\validate\UniqueAnnotationValidator.html...
Generating C:\Users\marcoN\git\metadata\target\apidocs\net\sf\esfinge\metadata\validate\ValidFieldTypeValidator.html...
Generating C:\Users\marcoN\git\metadata\target\apidocs\net\sf\esfinge\metadata\validate\field\UtilValidatorModifierFieldOnly.html...
Generating C:\Users\marcoN\git\metadata\target\apidocs\net\sf\esfinge\metadata\validate\field\ValidatorFieldVisibilityForbidden.html...
Generating C:\Users\marcoN\git\metadata\target\apidocs\net\sf\esfinge\metadata\validate\field\ValidatorFieldVisibilityRequired.html...
Generating C:\Users\marcoN\git\metadata\target\apidocs\net\sf\esfinge\metadata\validate\field\ValidatorFinalFieldOnly.html...
Generating C:\Users\marcoN\git\metadata\target\apidocs\net\sf\esfinge\metadata\validate\field\ValidatorInstanceFieldOnly.html...
Generating C:\Users\marcoN\git\metadata\target\apidocs\net\sf\esfinge\metadata\validate\field\ValidatorStaticFieldOnly.html...
Generating C:\Users\marcoN\git\metadata\target\apidocs\net\sf\esfinge\metadata\validate\field\ValidatorTransientFieldOnly.html...
Generating C:\Users\marcoN\git\metadata\target\apidocs\net\sf\esfinge\metadata\validate\field\ValidatorValidFieldTypes.html...
Generating C:\Users\marcoN\git\metadata\target\apidocs\net\sf\esfinge\metadata\validate\field\ValidatorVolatileFieldOnly.html...
Generating C:\Users\marcoN\git\metadata\target\apidocs\net\sf\esfinge\metadata\validate\method\UtilValidatorModifierMethodOnly.html...
Generating C:\Users\marcoN\git\metadata\target\apidocs\net\sf\esfinge\metadata\validate\method\ValidatorFinalMethodOnly.html...
Generating C:\Users\marcoN\git\metadata\target\apidocs\net\sf\esfinge\metadata\validate\method\ValidatorForbiddenMethodReturn.html...
Generating C:\Users\marcoN\git\metadata\target\apidocs\net\sf\esfinge\metadata\validate\method\ValidatorInstanceMethodOnly.html...
Generating C:\Users\marcoN\git\metadata\target\apidocs\net\sf\esfinge\metadata\validate\method\ValidatorMethodNamingConvention.html...
Generating C:\Users\marcoN\git\metadata\target\apidocs\net\sf\esfinge\metadata\validate\method\ValidatorMethodVisibilityForbidden.html...
Generating C:\Users\marcoN\git\metadata\target\apidocs\net\sf\esfinge\metadata\validate\method\ValidatorMethodVisibilityRequired.html...
Generating C:\Users\marcoN\git\metadata\target\apidocs\net\sf\esfinge\metadata\validate\method\ValidatorNoParametersMethodOnly.html...
Generating C:\Users\marcoN\git\metadata\target\apidocs\net\sf\esfinge\metadata\validate\method\ValidatorStaticMethodOnly.html...
Generating C:\Users\marcoN\git\metadata\target\apidocs\net\sf\esfinge\metadata\validate\method\ValidatorStrictfpMethodOnly.html...
Generating C:\Users\marcoN\git\metadata\target\apidocs\net\sf\esfinge\metadata\validate\method\ValidatorSynchronizedMethodOnly.html...
Generating C:\Users\marcoN\git\metadata\target\apidocs\net\sf\esfinge\metadata\validate\method\ValidatorValidMethodParameterTypes.html...
Generating C:\Users\marcoN\git\metadata\target\apidocs\net\sf\esfinge\metadata\validate\method\ValidatorValidMethodReturn.html...
Generating C:\Users\marcoN\git\metadata\target\apidocs\net\sf\esfinge\metadata\validate\method\ValidatorValidNumberOfParameters.html...
Generating C:\Users\marcoN\git\metadata\target\apidocs\overview-frame.html...
Generating C:\Users\marcoN\git\metadata\target\apidocs\net\sf\esfinge\metadata\package-frame.html...
Generating C:\Users\marcoN\git\metadata\target\apidocs\net\sf\esfinge\metadata\package-summary.html...
Generating C:\Users\marcoN\git\metadata\target\apidocs\net\sf\esfinge\metadata\package-tree.html...
Generating C:\Users\marcoN\git\metadata\target\apidocs\net\sf\esfinge\metadata\annotation\container\package-frame.html...
Generating C:\Users\marcoN\git\metadata\target\apidocs\net\sf\esfinge\metadata\annotation\container\package-summary.html...
Generating C:\Users\marcoN\git\metadata\target\apidocs\net\sf\esfinge\metadata\annotation\container\package-tree.html...
Generating C:\Users\marcoN\git\metadata\target\apidocs\net\sf\esfinge\metadata\annotation\container\field\package-frame.html...
Generating C:\Users\marcoN\git\metadata\target\apidocs\net\sf\esfinge\metadata\annotation\container\field\package-summary.html...
Generating C:\Users\marcoN\git\metadata\target\apidocs\net\sf\esfinge\metadata\annotation\container\field\package-tree.html...
Generating C:\Users\marcoN\git\metadata\target\apidocs\net\sf\esfinge\metadata\annotation\container\method\package-frame.html...
Generating C:\Users\marcoN\git\metadata\target\apidocs\net\sf\esfinge\metadata\annotation\container\method\package-summary.html...
Generating C:\Users\marcoN\git\metadata\target\apidocs\net\sf\esfinge\metadata\annotation\container\method\package-tree.html...
Generating C:\Users\marcoN\git\metadata\target\apidocs\net\sf\esfinge\metadata\annotation\validator\package-frame.html...
Generating C:\Users\marcoN\git\metadata\target\apidocs\net\sf\esfinge\metadata\annotation\validator\package-summary.html...
Generating C:\Users\marcoN\git\metadata\target\apidocs\net\sf\esfinge\metadata\annotation\validator\package-tree.html...
Generating C:\Users\marcoN\git\metadata\target\apidocs\net\sf\esfinge\metadata\annotation\validator\field\package-frame.html...
Generating C:\Users\marcoN\git\metadata\target\apidocs\net\sf\esfinge\metadata\annotation\validator\field\package-summary.html...
Generating C:\Users\marcoN\git\metadata\target\apidocs\net\sf\esfinge\metadata\annotation\validator\field\package-tree.html...
Generating C:\Users\marcoN\git\metadata\target\apidocs\net\sf\esfinge\metadata\annotation\validator\method\package-frame.html...
Generating C:\Users\marcoN\git\metadata\target\apidocs\net\sf\esfinge\metadata\annotation\validator\method\package-summary.html...
Generating C:\Users\marcoN\git\metadata\target\apidocs\net\sf\esfinge\metadata\annotation\validator\method\package-tree.html...
Generating C:\Users\marcoN\git\metadata\target\apidocs\net\sf\esfinge\metadata\container\package-frame.html...
Generating C:\Users\marcoN\git\metadata\target\apidocs\net\sf\esfinge\metadata\container\package-summary.html...
Generating C:\Users\marcoN\git\metadata\target\apidocs\net\sf\esfinge\metadata\container\package-tree.html...
Generating C:\Users\marcoN\git\metadata\target\apidocs\net\sf\esfinge\metadata\container\reading\package-frame.html...
Generating C:\Users\marcoN\git\metadata\target\apidocs\net\sf\esfinge\metadata\container\reading\package-summary.html...
Generating C:\Users\marcoN\git\metadata\target\apidocs\net\sf\esfinge\metadata\container\reading\package-tree.html...
Generating C:\Users\marcoN\git\metadata\target\apidocs\net\sf\esfinge\metadata\factory\package-frame.html...
Generating C:\Users\marcoN\git\metadata\target\apidocs\net\sf\esfinge\metadata\factory\package-summary.html...
Generating C:\Users\marcoN\git\metadata\target\apidocs\net\sf\esfinge\metadata\factory\package-tree.html...
Generating C:\Users\marcoN\git\metadata\target\apidocs\net\sf\esfinge\metadata\locate\package-frame.html...
Generating C:\Users\marcoN\git\metadata\target\apidocs\net\sf\esfinge\metadata\locate\package-summary.html...
Generating C:\Users\marcoN\git\metadata\target\apidocs\net\sf\esfinge\metadata\locate\package-tree.html...
Generating C:\Users\marcoN\git\metadata\target\apidocs\net\sf\esfinge\metadata\validate\package-frame.html...
Generating C:\Users\marcoN\git\metadata\target\apidocs\net\sf\esfinge\metadata\validate\package-summary.html...
Generating C:\Users\marcoN\git\metadata\target\apidocs\net\sf\esfinge\metadata\validate\package-tree.html...
Generating C:\Users\marcoN\git\metadata\target\apidocs\net\sf\esfinge\metadata\validate\field\package-frame.html...
Generating C:\Users\marcoN\git\metadata\target\apidocs\net\sf\esfinge\metadata\validate\field\package-summary.html...
Generating C:\Users\marcoN\git\metadata\target\apidocs\net\sf\esfinge\metadata\validate\field\package-tree.html...
Generating C:\Users\marcoN\git\metadata\target\apidocs\net\sf\esfinge\metadata\validate\method\package-frame.html...
Generating C:\Users\marcoN\git\metadata\target\apidocs\net\sf\esfinge\metadata\validate\method\package-summary.html...
Generating C:\Users\marcoN\git\metadata\target\apidocs\net\sf\esfinge\metadata\validate\method\package-tree.html...
Generating C:\Users\marcoN\git\metadata\target\apidocs\constant-values.html...
Generating C:\Users\marcoN\git\metadata\target\apidocs\serialized-form.html...
Generating C:\Users\marcoN\git\metadata\target\apidocs\net\sf\esfinge\metadata\annotation\container\class-use\ReflectionReference.html...
Generating C:\Users\marcoN\git\metadata\target\apidocs\net\sf\esfinge\metadata\annotation\container\class-use\ProcessMethods.html...
Generating C:\Users\marcoN\git\metadata\target\apidocs\net\sf\esfinge\metadata\annotation\container\class-use\ProcessFields.html...
Generating C:\Users\marcoN\git\metadata\target\apidocs\net\sf\esfinge\metadata\annotation\container\class-use\ElementName.html...
Generating C:\Users\marcoN\git\metadata\target\apidocs\net\sf\esfinge\metadata\annotation\container\class-use\ContainsAnnotation.html...
Generating C:\Users\marcoN\git\metadata\target\apidocs\net\sf\esfinge\metadata\annotation\container\class-use\ContainerFor.html...
Generating C:\Users\marcoN\git\metadata\target\apidocs\net\sf\esfinge\metadata\annotation\container\class-use\AnnotationReadingConfig.html...
Generating C:\Users\marcoN\git\metadata\target\apidocs\net\sf\esfinge\metadata\annotation\container\class-use\AnnotationProperty.html...
Generating C:\Users\marcoN\git\metadata\target\apidocs\net\sf\esfinge\metadata\annotation\container\class-use\AllMethodsWith.html...
Generating C:\Users\marcoN\git\metadata\target\apidocs\net\sf\esfinge\metadata\annotation\container\class-use\AllFieldsWith.html...
Generating C:\Users\marcoN\git\metadata\target\apidocs\net\sf\esfinge\metadata\annotation\container\field\class-use\OneAnnotationWithVolatileFieldOnly.html...
Generating C:\Users\marcoN\git\metadata\target\apidocs\net\sf\esfinge\metadata\annotation\container\field\class-use\OneAnnotationWithValidFieldTypes.html...
Generating C:\Users\marcoN\git\metadata\target\apidocs\net\sf\esfinge\metadata\annotation\container\field\class-use\OneAnnotationWithTransientFieldOnly.html...
Generating C:\Users\marcoN\git\metadata\target\apidocs\net\sf\esfinge\metadata\annotation\container\field\class-use\OneAnnotationWithStaticFieldOnly.html...
Generating C:\Users\marcoN\git\metadata\target\apidocs\net\sf\esfinge\metadata\annotation\container\field\class-use\OneAnnotationWithInstanceFieldOnly.html...
Generating C:\Users\marcoN\git\metadata\target\apidocs\net\sf\esfinge\metadata\annotation\container\field\class-use\OneAnnotationWithFinalFieldOnly.html...
Generating C:\Users\marcoN\git\metadata\target\apidocs\net\sf\esfinge\metadata\annotation\container\field\class-use\OneAnnotationWithFieldVisibilityRequired.html...
Generating C:\Users\marcoN\git\metadata\target\apidocs\net\sf\esfinge\metadata\annotation\container\field\class-use\OneAnnotationWithFieldVisibilityForbidden.html...
Generating C:\Users\marcoN\git\metadata\target\apidocs\net\sf\esfinge\metadata\annotation\container\method\class-use\OneAnnotationWithValidNumberOfParameters.html...
Generating C:\Users\marcoN\git\metadata\target\apidocs\net\sf\esfinge\metadata\annotation\container\method\class-use\OneAnnotationWithValidMethodReturn.html...
Generating C:\Users\marcoN\git\metadata\target\apidocs\net\sf\esfinge\metadata\annotation\container\method\class-use\OneAnnotationWithValidMethodParameterTypes.html...
Generating C:\Users\marcoN\git\metadata\target\apidocs\net\sf\esfinge\metadata\annotation\container\method\class-use\OneAnnotationWithSynchronizedMethodOnly.html...
Generating C:\Users\marcoN\git\metadata\target\apidocs\net\sf\esfinge\metadata\annotation\container\method\class-use\OneAnnotationWithStrictfpMethodOnly.html...
Generating C:\Users\marcoN\git\metadata\target\apidocs\net\sf\esfinge\metadata\annotation\container\method\class-use\OneAnnotationWithStaticMethodOnly.html...
Generating C:\Users\marcoN\git\metadata\target\apidocs\net\sf\esfinge\metadata\annotation\container\method\class-use\OneAnnotationWithNoParametersMethodOnly.html...
Generating C:\Users\marcoN\git\metadata\target\apidocs\net\sf\esfinge\metadata\annotation\container\method\class-use\OneAnnotationWithMethodVisibilityRequired.html...
Generating C:\Users\marcoN\git\metadata\target\apidocs\net\sf\esfinge\metadata\annotation\container\method\class-use\OneAnnotationWithMethodVisibilityForbidden.html...
Generating C:\Users\marcoN\git\metadata\target\apidocs\net\sf\esfinge\metadata\annotation\container\method\class-use\OneAnnotationWithMethodNamingConvention.html...
Generating C:\Users\marcoN\git\metadata\target\apidocs\net\sf\esfinge\metadata\annotation\container\method\class-use\OneAnnotationWithInstanceMethodOnly.html...
Generating C:\Users\marcoN\git\metadata\target\apidocs\net\sf\esfinge\metadata\annotation\container\method\class-use\OneAnnotationWithForbiddenMethodReturn.html...
Generating C:\Users\marcoN\git\metadata\target\apidocs\net\sf\esfinge\metadata\annotation\container\method\class-use\OneAnnotationWithFinalMethodOnly.html...
Generating C:\Users\marcoN\git\metadata\target\apidocs\net\sf\esfinge\metadata\annotation\validator\field\class-use\VolatileFieldOnly.html...
Generating C:\Users\marcoN\git\metadata\target\apidocs\net\sf\esfinge\metadata\annotation\validator\field\class-use\ValidFieldTypes.html...
Generating C:\Users\marcoN\git\metadata\target\apidocs\net\sf\esfinge\metadata\annotation\validator\field\class-use\TransientFieldOnly.html...
Generating C:\Users\marcoN\git\metadata\target\apidocs\net\sf\esfinge\metadata\annotation\validator\field\class-use\StaticFieldOnly.html...
Generating C:\Users\marcoN\git\metadata\target\apidocs\net\sf\esfinge\metadata\annotation\validator\field\class-use\InstanceFieldOnly.html...
Generating C:\Users\marcoN\git\metadata\target\apidocs\net\sf\esfinge\metadata\annotation\validator\field\class-use\FinalFieldOnly.html...
Generating C:\Users\marcoN\git\metadata\target\apidocs\net\sf\esfinge\metadata\annotation\validator\field\class-use\FieldVisibilityRequired.html...
Generating C:\Users\marcoN\git\metadata\target\apidocs\net\sf\esfinge\metadata\annotation\validator\field\class-use\FieldVisibilityForbidden.html...
Generating C:\Users\marcoN\git\metadata\target\apidocs\net\sf\esfinge\metadata\annotation\validator\class-use\ValidFieldType.html...
Generating C:\Users\marcoN\git\metadata\target\apidocs\net\sf\esfinge\metadata\annotation\validator\class-use\Unique.html...
Generating C:\Users\marcoN\git\metadata\target\apidocs\net\sf\esfinge\metadata\annotation\validator\class-use\ToValidateProperty.html...
Generating C:\Users\marcoN\git\metadata\target\apidocs\net\sf\esfinge\metadata\annotation\validator\class-use\ToValidate.html...
Generating C:\Users\marcoN\git\metadata\target\apidocs\net\sf\esfinge\metadata\annotation\validator\class-use\SiteValido.html...
Generating C:\Users\marcoN\git\metadata\target\apidocs\net\sf\esfinge\metadata\annotation\validator\class-use\SearchOnEnclosingElements.html...
Generating C:\Users\marcoN\git\metadata\target\apidocs\net\sf\esfinge\metadata\annotation\validator\class-use\SearchInsideAnnotations.html...
Generating C:\Users\marcoN\git\metadata\target\apidocs\net\sf\esfinge\metadata\annotation\validator\class-use\SearchAnnotationUntilLevel.html...
Generating C:\Users\marcoN\git\metadata\target\apidocs\net\sf\esfinge\metadata\annotation\validator\class-use\RefersTo.html...
Generating C:\Users\marcoN\git\metadata\target\apidocs\net\sf\esfinge\metadata\annotation\validator\class-use\Prohibits.html...
Generating C:\Users\marcoN\git\metadata\target\apidocs\net\sf\esfinge\metadata\annotation\validator\class-use\NotNull.html...
Generating C:\Users\marcoN\git\metadata\target\apidocs\net\sf\esfinge\metadata\annotation\validator\class-use\NeedsToHave.html...
Generating C:\Users\marcoN\git\metadata\target\apidocs\net\sf\esfinge\metadata\annotation\validator\class-use\MinValue.html...
Generating C:\Users\marcoN\git\metadata\target\apidocs\net\sf\esfinge\metadata\annotation\validator\class-use\MaxValue.html...
Generating C:\Users\marcoN\git\metadata\target\apidocs\net\sf\esfinge\metadata\annotation\validator\method\class-use\ValidNumberOfParameters.html...
Generating C:\Users\marcoN\git\metadata\target\apidocs\net\sf\esfinge\metadata\annotation\validator\method\class-use\ValidMethodReturn.html...
Generating C:\Users\marcoN\git\metadata\target\apidocs\net\sf\esfinge\metadata\annotation\validator\method\class-use\ValidMethodParameterTypes.html...
Generating C:\Users\marcoN\git\metadata\target\apidocs\net\sf\esfinge\metadata\annotation\validator\method\class-use\SynchronizedMethodOnly.html...
Generating C:\Users\marcoN\git\metadata\target\apidocs\net\sf\esfinge\metadata\annotation\validator\method\class-use\StrictfpMethodOnly.html...
Generating C:\Users\marcoN\git\metadata\target\apidocs\net\sf\esfinge\metadata\annotation\validator\method\class-use\StaticMethodOnly.html...
Generating C:\Users\marcoN\git\metadata\target\apidocs\net\sf\esfinge\metadata\annotation\validator\method\class-use\Parameters.html...
Generating C:\Users\marcoN\git\metadata\target\apidocs\net\sf\esfinge\metadata\annotation\validator\method\class-use\NoParametersMethodOnly.html...
Generating C:\Users\marcoN\git\metadata\target\apidocs\net\sf\esfinge\metadata\annotation\validator\method\class-use\MethodVisibilityRequired.html...
Generating C:\Users\marcoN\git\metadata\target\apidocs\net\sf\esfinge\metadata\annotation\validator\method\class-use\MethodVisibilityForbidden.html...
Generating C:\Users\marcoN\git\metadata\target\apidocs\net\sf\esfinge\metadata\annotation\validator\method\class-use\MethodNamingConvention.html...
Generating C:\Users\marcoN\git\metadata\target\apidocs\net\sf\esfinge\metadata\annotation\validator\method\class-use\InstanceMethodOnly.html...
Generating C:\Users\marcoN\git\metadata\target\apidocs\net\sf\esfinge\metadata\annotation\validator\method\class-use\ForbiddenMethodReturn.html...
Generating C:\Users\marcoN\git\metadata\target\apidocs\net\sf\esfinge\metadata\annotation\validator\method\class-use\FinalMethodOnly.html...
Generating C:\Users\marcoN\git\metadata\target\apidocs\net\sf\esfinge\metadata\class-use\AnnotationValidator.html...
Generating C:\Users\marcoN\git\metadata\target\apidocs\net\sf\esfinge\metadata\class-use\AnnotationValidationException.html...
Generating C:\Users\marcoN\git\metadata\target\apidocs\net\sf\esfinge\metadata\class-use\AnnotationReadingException.html...
Generating C:\Users\marcoN\git\metadata\target\apidocs\net\sf\esfinge\metadata\class-use\AnnotationReader.html...
Generating C:\Users\marcoN\git\metadata\target\apidocs\net\sf\esfinge\metadata\class-use\AnnotationPropertyValidator.html...
Generating C:\Users\marcoN\git\metadata\target\apidocs\net\sf\esfinge\metadata\class-use\AnnotationFinder.html...
Generating C:\Users\marcoN\git\metadata\target\apidocs\net\sf\esfinge\metadata\container\class-use\Properties.html...
Generating C:\Users\marcoN\git\metadata\target\apidocs\net\sf\esfinge\metadata\container\class-use\MetadataRepository.html...
Generating C:\Users\marcoN\git\metadata\target\apidocs\net\sf\esfinge\metadata\container\class-use\MetadataExecute.html...
Generating C:\Users\marcoN\git\metadata\target\apidocs\net\sf\esfinge\metadata\container\class-use\ContainerTarget.html...
Generating C:\Users\marcoN\git\metadata\target\apidocs\net\sf\esfinge\metadata\container\class-use\AnnotationReadingProcessor.html...
Generating C:\Users\marcoN\git\metadata\target\apidocs\net\sf\esfinge\metadata\container\reading\class-use\ReflectionReferenceReadingProcessor.html...
Generating C:\Users\marcoN\git\metadata\target\apidocs\net\sf\esfinge\metadata\container\reading\class-use\ProcessMethodsReadingProcessor.html...
Generating C:\Users\marcoN\git\metadata\target\apidocs\net\sf\esfinge\metadata\container\reading\class-use\ProcessFieldsReadingProcessor.html...
Generating C:\Users\marcoN\git\metadata\target\apidocs\net\sf\esfinge\metadata\container\reading\class-use\ElementNameReadingProcessor.html...
Generating C:\Users\marcoN\git\metadata\target\apidocs\net\sf\esfinge\metadata\container\reading\class-use\ContainsAnnotationReadingProcessor.html...
Generating C:\Users\marcoN\git\metadata\target\apidocs\net\sf\esfinge\metadata\container\reading\class-use\AnnotationPropertyReadingProcessor.html...
Generating C:\Users\marcoN\git\metadata\target\apidocs\net\sf\esfinge\metadata\container\reading\class-use\AllMethodsWithReadingProcessor.html...
Generating C:\Users\marcoN\git\metadata\target\apidocs\net\sf\esfinge\metadata\container\reading\class-use\AllFieldsWithReadingProcessor.html...
Generating C:\Users\marcoN\git\metadata\target\apidocs\net\sf\esfinge\metadata\factory\class-use\LocatorsFactory.html...
Generating C:\Users\marcoN\git\metadata\target\apidocs\net\sf\esfinge\metadata\locate\class-use\VectorLocator.html...
Generating C:\Users\marcoN\git\metadata\target\apidocs\net\sf\esfinge\metadata\locate\class-use\RegularLocator.html...
Generating C:\Users\marcoN\git\metadata\target\apidocs\net\sf\esfinge\metadata\locate\class-use\MetadataLocator.html...
Generating C:\Users\marcoN\git\metadata\target\apidocs\net\sf\esfinge\metadata\locate\class-use\MetadataLocationException.html...
Generating C:\Users\marcoN\git\metadata\target\apidocs\net\sf\esfinge\metadata\locate\class-use\LevelLocator.html...
Generating C:\Users\marcoN\git\metadata\target\apidocs\net\sf\esfinge\metadata\locate\class-use\ConventionLocator.html...
Generating C:\Users\marcoN\git\metadata\target\apidocs\net\sf\esfinge\metadata\locate\class-use\AnnotationLocator.html...
Generating C:\Users\marcoN\git\metadata\target\apidocs\net\sf\esfinge\metadata\validate\class-use\ValidFieldTypeValidator.html...
Generating C:\Users\marcoN\git\metadata\target\apidocs\net\sf\esfinge\metadata\validate\class-use\UniqueAnnotationValidator.html...
Generating C:\Users\marcoN\git\metadata\target\apidocs\net\sf\esfinge\metadata\validate\class-use\SiteValidoAnnotationValidator.html...
Generating C:\Users\marcoN\git\metadata\target\apidocs\net\sf\esfinge\metadata\validate\class-use\RefersToAnnotationValidator.html...
Generating C:\Users\marcoN\git\metadata\target\apidocs\net\sf\esfinge\metadata\validate\class-use\ProhibitsAnnotationValidator.html...
Generating C:\Users\marcoN\git\metadata\target\apidocs\net\sf\esfinge\metadata\validate\class-use\NotNullAnnotationValidator.html...
Generating C:\Users\marcoN\git\metadata\target\apidocs\net\sf\esfinge\metadata\validate\class-use\NeedToHaveAnnotationValidator.html...
Generating C:\Users\marcoN\git\metadata\target\apidocs\net\sf\esfinge\metadata\validate\class-use\NeedsToHave.html...
Generating C:\Users\marcoN\git\metadata\target\apidocs\net\sf\esfinge\metadata\validate\class-use\MinValueAnnotationValidator.html...
Generating C:\Users\marcoN\git\metadata\target\apidocs\net\sf\esfinge\metadata\validate\class-use\MetadataValidator.html...
Generating C:\Users\marcoN\git\metadata\target\apidocs\net\sf\esfinge\metadata\validate\class-use\MaxValueAnnotationValidator.html...
Generating C:\Users\marcoN\git\metadata\target\apidocs\net\sf\esfinge\metadata\validate\class-use\AnnotationValidationException.html...
Generating C:\Users\marcoN\git\metadata\target\apidocs\net\sf\esfinge\metadata\validate\field\class-use\ValidatorVolatileFieldOnly.html...
Generating C:\Users\marcoN\git\metadata\target\apidocs\net\sf\esfinge\metadata\validate\field\class-use\ValidatorValidFieldTypes.html...
Generating C:\Users\marcoN\git\metadata\target\apidocs\net\sf\esfinge\metadata\validate\field\class-use\ValidatorTransientFieldOnly.html...
Generating C:\Users\marcoN\git\metadata\target\apidocs\net\sf\esfinge\metadata\validate\field\class-use\ValidatorStaticFieldOnly.html...
Generating C:\Users\marcoN\git\metadata\target\apidocs\net\sf\esfinge\metadata\validate\field\class-use\ValidatorInstanceFieldOnly.html...
Generating C:\Users\marcoN\git\metadata\target\apidocs\net\sf\esfinge\metadata\validate\field\class-use\ValidatorFinalFieldOnly.html...
Generating C:\Users\marcoN\git\metadata\target\apidocs\net\sf\esfinge\metadata\validate\field\class-use\ValidatorFieldVisibilityRequired.html...
Generating C:\Users\marcoN\git\metadata\target\apidocs\net\sf\esfinge\metadata\validate\field\class-use\ValidatorFieldVisibilityForbidden.html...
Generating C:\Users\marcoN\git\metadata\target\apidocs\net\sf\esfinge\metadata\validate\field\class-use\UtilValidatorModifierFieldOnly.html...
Generating C:\Users\marcoN\git\metadata\target\apidocs\net\sf\esfinge\metadata\validate\method\class-use\ValidatorValidNumberOfParameters.html...
Generating C:\Users\marcoN\git\metadata\target\apidocs\net\sf\esfinge\metadata\validate\method\class-use\ValidatorValidMethodReturn.html...
Generating C:\Users\marcoN\git\metadata\target\apidocs\net\sf\esfinge\metadata\validate\method\class-use\ValidatorValidMethodParameterTypes.html...
Generating C:\Users\marcoN\git\metadata\target\apidocs\net\sf\esfinge\metadata\validate\method\class-use\ValidatorSynchronizedMethodOnly.html...
Generating C:\Users\marcoN\git\metadata\target\apidocs\net\sf\esfinge\metadata\validate\method\class-use\ValidatorStrictfpMethodOnly.html...
Generating C:\Users\marcoN\git\metadata\target\apidocs\net\sf\esfinge\metadata\validate\method\class-use\ValidatorStaticMethodOnly.html...
Generating C:\Users\marcoN\git\metadata\target\apidocs\net\sf\esfinge\metadata\validate\method\class-use\ValidatorNoParametersMethodOnly.html...
Generating C:\Users\marcoN\git\metadata\target\apidocs\net\sf\esfinge\metadata\validate\method\class-use\ValidatorMethodVisibilityRequired.html...
Generating C:\Users\marcoN\git\metadata\target\apidocs\net\sf\esfinge\metadata\validate\method\class-use\ValidatorMethodVisibilityForbidden.html...
Generating C:\Users\marcoN\git\metadata\target\apidocs\net\sf\esfinge\metadata\validate\method\class-use\ValidatorMethodNamingConvention.html...
Generating C:\Users\marcoN\git\metadata\target\apidocs\net\sf\esfinge\metadata\validate\method\class-use\ValidatorInstanceMethodOnly.html...
Generating C:\Users\marcoN\git\metadata\target\apidocs\net\sf\esfinge\metadata\validate\method\class-use\ValidatorForbiddenMethodReturn.html...
Generating C:\Users\marcoN\git\metadata\target\apidocs\net\sf\esfinge\metadata\validate\method\class-use\ValidatorFinalMethodOnly.html...
Generating C:\Users\marcoN\git\metadata\target\apidocs\net\sf\esfinge\metadata\validate\method\class-use\UtilValidatorModifierMethodOnly.html...
Generating C:\Users\marcoN\git\metadata\target\apidocs\net\sf\esfinge\metadata\package-use.html...
Generating C:\Users\marcoN\git\metadata\target\apidocs\net\sf\esfinge\metadata\annotation\container\package-use.html...
Generating C:\Users\marcoN\git\metadata\target\apidocs\net\sf\esfinge\metadata\annotation\container\field\package-use.html...
Generating C:\Users\marcoN\git\metadata\target\apidocs\net\sf\esfinge\metadata\annotation\container\method\package-use.html...
Generating C:\Users\marcoN\git\metadata\target\apidocs\net\sf\esfinge\metadata\annotation\validator\package-use.html...
Generating C:\Users\marcoN\git\metadata\target\apidocs\net\sf\esfinge\metadata\annotation\validator\field\package-use.html...
Generating C:\Users\marcoN\git\metadata\target\apidocs\net\sf\esfinge\metadata\annotation\validator\method\package-use.html...
Generating C:\Users\marcoN\git\metadata\target\apidocs\net\sf\esfinge\metadata\container\package-use.html...
Generating C:\Users\marcoN\git\metadata\target\apidocs\net\sf\esfinge\metadata\container\reading\package-use.html...
Generating C:\Users\marcoN\git\metadata\target\apidocs\net\sf\esfinge\metadata\factory\package-use.html...
Generating C:\Users\marcoN\git\metadata\target\apidocs\net\sf\esfinge\metadata\locate\package-use.html...
Generating C:\Users\marcoN\git\metadata\target\apidocs\net\sf\esfinge\metadata\validate\package-use.html...
Generating C:\Users\marcoN\git\metadata\target\apidocs\net\sf\esfinge\metadata\validate\field\package-use.html...
Generating C:\Users\marcoN\git\metadata\target\apidocs\net\sf\esfinge\metadata\validate\method\package-use.html...
Building index for all the packages and classes...
Generating C:\Users\marcoN\git\metadata\target\apidocs\overview-tree.html...
Generating C:\Users\marcoN\git\metadata\target\apidocs\index-all.html...
Generating C:\Users\marcoN\git\metadata\target\apidocs\deprecated-list.html...
Building index for all classes...
Generating C:\Users\marcoN\git\metadata\target\apidocs\allclasses-frame.html...
Generating C:\Users\marcoN\git\metadata\target\apidocs\allclasses-noframe.html...
Generating C:\Users\marcoN\git\metadata\target\apidocs\index.html...
Generating C:\Users\marcoN\git\metadata\target\apidocs\overview-summary.html...
Generating C:\Users\marcoN\git\metadata\target\apidocs\help-doc.html...
[INFO] Building jar: C:\Users\marcoN\git\metadata\target\metadata-1.0.2-javadoc.jar
[INFO] 
[INFO] --- maven-gpg-plugin:1.5:sign (sign-artifacts) @ metadata ---
[INFO] 
[INFO] --- maven-install-plugin:2.4:install (default-install) @ metadata ---
[INFO] Installing C:\Users\marcoN\git\metadata\target\metadata-1.0.2.jar to C:\Users\marcoN\.m2\repository\net\sf\esfinge\metadata\1.0.2\metadata-1.0.2.jar
[INFO] Installing C:\Users\marcoN\git\metadata\pom.xml to C:\Users\marcoN\.m2\repository\net\sf\esfinge\metadata\1.0.2\metadata-1.0.2.pom
[INFO] Installing C:\Users\marcoN\git\metadata\target\metadata-1.0.2-sources.jar to C:\Users\marcoN\.m2\repository\net\sf\esfinge\metadata\1.0.2\metadata-1.0.2-sources.jar
[INFO] Installing C:\Users\marcoN\git\metadata\target\metadata-1.0.2-javadoc.jar to C:\Users\marcoN\.m2\repository\net\sf\esfinge\metadata\1.0.2\metadata-1.0.2-javadoc.jar
[INFO] Installing C:\Users\marcoN\git\metadata\target\metadata-1.0.2.jar.asc to C:\Users\marcoN\.m2\repository\net\sf\esfinge\metadata\1.0.2\metadata-1.0.2.jar.asc
[INFO] Installing C:\Users\marcoN\git\metadata\target\metadata-1.0.2.pom.asc to C:\Users\marcoN\.m2\repository\net\sf\esfinge\metadata\1.0.2\metadata-1.0.2.pom.asc
[INFO] Installing C:\Users\marcoN\git\metadata\target\metadata-1.0.2-sources.jar.asc to C:\Users\marcoN\.m2\repository\net\sf\esfinge\metadata\1.0.2\metadata-1.0.2-sources.jar.asc
[INFO] Installing C:\Users\marcoN\git\metadata\target\metadata-1.0.2-javadoc.jar.asc to C:\Users\marcoN\.m2\repository\net\sf\esfinge\metadata\1.0.2\metadata-1.0.2-javadoc.jar.asc
[INFO] 
[INFO] --- nexus-staging-maven-plugin:1.6.7:deploy (injected-nexus-deploy) @ metadata ---
[INFO] Performing local staging (local stagingDirectory="C:\Users\marcoN\git\metadata\target\nexus-staging\staging")...
[INFO]  + Using server credentials "ossrh" from Maven settings.
[INFO]  * Connected to Nexus at https://oss.sonatype.org:443/, is version 2.13.0-01 and edition "Professional"
[INFO]  * Using staging profile ID "126e2003721d51" (matched by Nexus).
[INFO] Installing C:\Users\marcoN\git\metadata\target\metadata-1.0.2.jar to C:\Users\marcoN\git\metadata\target\nexus-staging\staging\126e2003721d51\net\sf\esfinge\metadata\1.0.2\metadata-1.0.2.jar
[INFO] Installing C:\Users\marcoN\git\metadata\pom.xml to C:\Users\marcoN\git\metadata\target\nexus-staging\staging\126e2003721d51\net\sf\esfinge\metadata\1.0.2\metadata-1.0.2.pom
[INFO] Installing C:\Users\marcoN\git\metadata\target\metadata-1.0.2-sources.jar to C:\Users\marcoN\git\metadata\target\nexus-staging\staging\126e2003721d51\net\sf\esfinge\metadata\1.0.2\metadata-1.0.2-sources.jar
[INFO] Installing C:\Users\marcoN\git\metadata\target\metadata-1.0.2-javadoc.jar to C:\Users\marcoN\git\metadata\target\nexus-staging\staging\126e2003721d51\net\sf\esfinge\metadata\1.0.2\metadata-1.0.2-javadoc.jar
[INFO] Installing C:\Users\marcoN\git\metadata\target\metadata-1.0.2.jar.asc to C:\Users\marcoN\git\metadata\target\nexus-staging\staging\126e2003721d51\net\sf\esfinge\metadata\1.0.2\metadata-1.0.2.jar.asc
[INFO] Installing C:\Users\marcoN\git\metadata\target\metadata-1.0.2.pom.asc to C:\Users\marcoN\git\metadata\target\nexus-staging\staging\126e2003721d51\net\sf\esfinge\metadata\1.0.2\metadata-1.0.2.pom.asc
[INFO] Installing C:\Users\marcoN\git\metadata\target\metadata-1.0.2-sources.jar.asc to C:\Users\marcoN\git\metadata\target\nexus-staging\staging\126e2003721d51\net\sf\esfinge\metadata\1.0.2\metadata-1.0.2-sources.jar.asc
[INFO] Installing C:\Users\marcoN\git\metadata\target\metadata-1.0.2-javadoc.jar.asc to C:\Users\marcoN\git\metadata\target\nexus-staging\staging\126e2003721d51\net\sf\esfinge\metadata\1.0.2\metadata-1.0.2-javadoc.jar.asc
[INFO] Performing remote staging...
[INFO] 
[INFO]  * Remote staging into staging profile ID "126e2003721d51"
[INFO]  * Created staging repository with ID "netsfesfinge-1005".
[INFO]  * Staging repository at https://oss.sonatype.org:443/service/local/staging/deployByRepositoryId/netsfesfinge-1005
[INFO]  * Uploading locally staged artifacts to profile net.sf.esfinge
Uploading: https://oss.sonatype.org:443/service/local/staging/deployByRepositoryId/netsfesfinge-1005/net/sf/esfinge/metadata/1.0.2/metadata-1.0.2.jar.asc
484/484 B               Uploaded: https://oss.sonatype.org:443/service/local/staging/deployByRepositoryId/netsfesfinge-1005/net/sf/esfinge/metadata/1.0.2/metadata-1.0.2.jar.asc (484 B at 0.7 KB/sec)
Downloading: https://oss.sonatype.org:443/service/local/staging/deployByRepositoryId/netsfesfinge-1005/net/sf/esfinge/metadata/maven-metadata.xml
            Uploading: https://oss.sonatype.org:443/service/local/staging/deployByRepositoryId/netsfesfinge-1005/net/sf/esfinge/metadata/maven-metadata.xml
302/302 B               Uploaded: https://oss.sonatype.org:443/service/local/staging/deployByRepositoryId/netsfesfinge-1005/net/sf/esfinge/metadata/maven-metadata.xml (302 B at 0.4 KB/sec)
Uploading: https://oss.sonatype.org:443/service/local/staging/deployByRepositoryId/netsfesfinge-1005/net/sf/esfinge/metadata/1.0.2/metadata-1.0.2.jar
2/114 KB    4/114 KB   6/114 KB   8/114 KB   10/114 KB   12/114 KB   14/114 KB   16/114 KB   18/114 KB   20/114 KB   22/114 KB   24/114 KB   26/114 KB   28/114 KB   30/114 KB   32/114 KB   34/114 KB   36/114 KB   38/114 KB   40/114 KB   42/114 KB   44/114 KB   46/114 KB   48/114 KB   50/114 KB   52/114 KB   54/114 KB   56/114 KB   58/114 KB   60/114 KB   62/114 KB   64/114 KB   66/114 KB   68/114 KB   70/114 KB   72/114 KB   74/114 KB   76/114 KB   78/114 KB   80/114 KB   82/114 KB   84/114 KB   86/114 KB   88/114 KB   90/114 KB   92/114 KB   94/114 KB   96/114 KB   98/114 KB   100/114 KB   102/114 KB   104/114 KB   106/114 KB   108/114 KB   110/114 KB   112/114 KB   114/114 KB                Uploaded: https://oss.sonatype.org:443/service/local/staging/deployByRepositoryId/netsfesfinge-1005/net/sf/esfinge/metadata/1.0.2/metadata-1.0.2.jar (114 KB at 105.5 KB/sec)
Uploading: https://oss.sonatype.org:443/service/local/staging/deployByRepositoryId/netsfesfinge-1005/net/sf/esfinge/metadata/1.0.2/metadata-1.0.2.pom
2/4 KB       4/4 KB            Uploaded: https://oss.sonatype.org:443/service/local/staging/deployByRepositoryId/netsfesfinge-1005/net/sf/esfinge/metadata/1.0.2/metadata-1.0.2.pom (4 KB at 8.0 KB/sec)
Uploading: https://oss.sonatype.org:443/service/local/staging/deployByRepositoryId/netsfesfinge-1005/net/sf/esfinge/metadata/1.0.2/metadata-1.0.2-javadoc.jar
2/618 KB   4/618 KB   6/618 KB   8/618 KB   10/618 KB   12/618 KB   14/618 KB   16/618 KB   18/618 KB   20/618 KB   22/618 KB   24/618 KB   26/618 KB   28/618 KB   30/618 KB   32/618 KB   34/618 KB   36/618 KB   38/618 KB   40/618 KB   42/618 KB   44/618 KB   46/618 KB   48/618 KB   50/618 KB   52/618 KB   54/618 KB   56/618 KB   58/618 KB   60/618 KB   62/618 KB   64/618 KB   66/618 KB   68/618 KB   70/618 KB   72/618 KB   74/618 KB   76/618 KB   78/618 KB   80/618 KB   82/618 KB   84/618 KB   86/618 KB   88/618 KB   90/618 KB   92/618 KB   94/618 KB   96/618 KB   98/618 KB   100/618 KB   102/618 KB   104/618 KB   106/618 KB   108/618 KB   110/618 KB   112/618 KB   114/618 KB   116/618 KB   118/618 KB   120/618 KB   122/618 KB   124/618 KB   126/618 KB   128/618 KB   130/618 KB   132/618 KB   134/618 KB   136/618 KB   138/618 KB   140/618 KB   142/618 KB   144/618 KB   146/618 KB   148/618 KB   150/618 KB   152/618 KB   154/618 KB   156/618 KB   158/618 KB   160/618 KB   162/618 KB   164/618 KB   166/618 KB   168/618 KB   170/618 KB   172/618 KB   174/618 KB   176/618 KB   178/618 KB   180/618 KB   182/618 KB   184/618 KB   186/618 KB   188/618 KB   190/618 KB   192/618 KB   194/618 KB   196/618 KB   198/618 KB   200/618 KB   202/618 KB   204/618 KB   206/618 KB   208/618 KB   210/618 KB   212/618 KB   214/618 KB   216/618 KB   218/618 KB   220/618 KB   222/618 KB   224/618 KB   226/618 KB   228/618 KB   230/618 KB   232/618 KB   234/618 KB   236/618 KB   238/618 KB   240/618 KB   242/618 KB   244/618 KB   246/618 KB   248/618 KB   250/618 KB   252/618 KB   254/618 KB   256/618 KB   258/618 KB   260/618 KB   262/618 KB   264/618 KB   266/618 KB   268/618 KB   270/618 KB   272/618 KB   274/618 KB   276/618 KB   278/618 KB   280/618 KB   282/618 KB   284/618 KB   286/618 KB   288/618 KB   290/618 KB   292/618 KB   294/618 KB   296/618 KB   298/618 KB   300/618 KB   302/618 KB   304/618 KB   306/618 KB   308/618 KB   310/618 KB   312/618 KB   314/618 KB   316/618 KB   318/618 KB   320/618 KB   322/618 KB   324/618 KB   326/618 KB   328/618 KB   330/618 KB   332/618 KB   334/618 KB   336/618 KB   338/618 KB   340/618 KB   342/618 KB   344/618 KB   346/618 KB   348/618 KB   350/618 KB   352/618 KB   354/618 KB   356/618 KB   358/618 KB   360/618 KB   362/618 KB   364/618 KB   366/618 KB   368/618 KB   370/618 KB   372/618 KB   374/618 KB   376/618 KB   378/618 KB   380/618 KB   382/618 KB   384/618 KB   386/618 KB   388/618 KB   390/618 KB   392/618 KB   394/618 KB   396/618 KB   398/618 KB   400/618 KB   402/618 KB   404/618 KB   406/618 KB   408/618 KB   410/618 KB   412/618 KB   414/618 KB   416/618 KB   418/618 KB   420/618 KB   422/618 KB   424/618 KB   426/618 KB   428/618 KB   430/618 KB   432/618 KB   434/618 KB   436/618 KB   438/618 KB   440/618 KB   442/618 KB   444/618 KB   446/618 KB   448/618 KB   450/618 KB   452/618 KB   454/618 KB   456/618 KB   458/618 KB   460/618 KB   462/618 KB   464/618 KB   466/618 KB   468/618 KB   470/618 KB   472/618 KB   474/618 KB   476/618 KB   478/618 KB   480/618 KB   482/618 KB   484/618 KB   486/618 KB   488/618 KB   490/618 KB   492/618 KB   494/618 KB   496/618 KB   498/618 KB   500/618 KB   502/618 KB   504/618 KB   506/618 KB   508/618 KB   510/618 KB   512/618 KB   514/618 KB   516/618 KB   518/618 KB   520/618 KB   522/618 KB   524/618 KB   526/618 KB   528/618 KB   530/618 KB   532/618 KB   534/618 KB   536/618 KB   538/618 KB   540/618 KB   542/618 KB   544/618 KB   546/618 KB   548/618 KB   550/618 KB   552/618 KB   554/618 KB   556/618 KB   558/618 KB   560/618 KB   562/618 KB   564/618 KB   566/618 KB   568/618 KB   570/618 KB   572/618 KB   574/618 KB   576/618 KB   578/618 KB   580/618 KB   582/618 KB   584/618 KB   586/618 KB   588/618 KB   590/618 KB   592/618 KB   594/618 KB   596/618 KB   598/618 KB   600/618 KB   602/618 KB   604/618 KB   606/618 KB   608/618 KB   610/618 KB   612/618 KB   614/618 KB   616/618 KB   618/618 KB                Uploaded: https://oss.sonatype.org:443/service/local/staging/deployByRepositoryId/netsfesfinge-1005/net/sf/esfinge/metadata/1.0.2/metadata-1.0.2-javadoc.jar (618 KB at 557.4 KB/sec)
Uploading: https://oss.sonatype.org:443/service/local/staging/deployByRepositoryId/netsfesfinge-1005/net/sf/esfinge/metadata/1.0.2/metadata-1.0.2.pom.asc
484/484 B                Uploaded: https://oss.sonatype.org:443/service/local/staging/deployByRepositoryId/netsfesfinge-1005/net/sf/esfinge/metadata/1.0.2/metadata-1.0.2.pom.asc (484 B at 3.1 KB/sec)
Uploading: https://oss.sonatype.org:443/service/local/staging/deployByRepositoryId/netsfesfinge-1005/net/sf/esfinge/metadata/1.0.2/metadata-1.0.2-javadoc.jar.asc
484/484 B               Uploaded: https://oss.sonatype.org:443/service/local/staging/deployByRepositoryId/netsfesfinge-1005/net/sf/esfinge/metadata/1.0.2/metadata-1.0.2-javadoc.jar.asc (484 B at 3.2 KB/sec)
Uploading: https://oss.sonatype.org:443/service/local/staging/deployByRepositoryId/netsfesfinge-1005/net/sf/esfinge/metadata/1.0.2/metadata-1.0.2-sources.jar
2/76 KB     4/76 KB   6/76 KB   8/76 KB   10/76 KB   12/76 KB   14/76 KB   16/76 KB   18/76 KB   20/76 KB   22/76 KB   24/76 KB   26/76 KB   28/76 KB   30/76 KB   32/76 KB   34/76 KB   36/76 KB   38/76 KB   40/76 KB   42/76 KB   44/76 KB   46/76 KB   48/76 KB   50/76 KB   52/76 KB   54/76 KB   56/76 KB   58/76 KB   60/76 KB   62/76 KB   64/76 KB   66/76 KB   68/76 KB   70/76 KB   72/76 KB   74/76 KB   76/76 KB              Uploaded: https://oss.sonatype.org:443/service/local/staging/deployByRepositoryId/netsfesfinge-1005/net/sf/esfinge/metadata/1.0.2/metadata-1.0.2-sources.jar (76 KB at 140.5 KB/sec)
Uploading: https://oss.sonatype.org:443/service/local/staging/deployByRepositoryId/netsfesfinge-1005/net/sf/esfinge/metadata/1.0.2/metadata-1.0.2-sources.jar.asc
484/484 B               Uploaded: https://oss.sonatype.org:443/service/local/staging/deployByRepositoryId/netsfesfinge-1005/net/sf/esfinge/metadata/1.0.2/metadata-1.0.2-sources.jar.asc (484 B at 3.1 KB/sec)
[INFO]  * Upload of locally staged artifacts finished.
[INFO]  * Closing staging repository with ID "netsfesfinge-1005".

Waiting for operation to complete...
..........

[INFO] Remote staged 1 repositories, finished with success.
[INFO] Remote staging repositories are being released...

Waiting for operation to complete...
......

[INFO] Remote staging repositories released.
[INFO] ------------------------------------------------------------------------
[INFO] BUILD SUCCESS
[INFO] ------------------------------------------------------------------------
[INFO] Total time: 01:41 min
[INFO] Finished at: 2016-08-22T14:19:36-03:00
[INFO] Final Memory: 36M/306M
[INFO] ------------------------------------------------------------------------
